<?xml version="1.0" encoding="UTF-8"?>
<testng-results ignored="0" total="2" passed="2" failed="0" skipped="0">
  <reporter-output>
  </reporter-output>
  <suite started-at="2025-01-10T15:19:05 EST" name="Suite" finished-at="2025-01-10T15:19:16 EST" duration-ms="11359">
    <groups>
      <group name="regression">
        <method signature="TC002_LoginTest.test_Login()[pri:0, instance:testCases.TC002_LoginTest@2a265ea9]" name="test_Login" class="testCases.TC002_LoginTest"/>
      </group> <!-- regression -->
      <group name="sanity">
        <method signature="TC001_AccountRegistrationTest.testRegistration()[pri:1, instance:testCases.TC001_AccountRegistrationTest@f0c8a99]" name="testRegistration" class="testCases.TC001_AccountRegistrationTest"/>
      </group> <!-- sanity -->
      <group name="master">
        <method signature="TC001_AccountRegistrationTest.testRegistration()[pri:1, instance:testCases.TC001_AccountRegistrationTest@f0c8a99]" name="testRegistration" class="testCases.TC001_AccountRegistrationTest"/>
        <method signature="TC002_LoginTest.test_Login()[pri:0, instance:testCases.TC002_LoginTest@2a265ea9]" name="test_Login" class="testCases.TC002_LoginTest"/>
      </group> <!-- master -->
    </groups>
    <test started-at="2025-01-10T15:19:05 EST" name="Test" finished-at="2025-01-10T15:19:16 EST" duration-ms="11359">
      <class name="testCases.TC002_LoginTest">
        <test-method is-config="true" signature="setup(java.lang.String,java.lang.String)[pri:0, instance:testCases.TC002_LoginTest@2a265ea9]" started-at="2025-01-10T15:19:11 EST" name="setup" finished-at="2025-01-10T15:19:15 EST" duration-ms="3472" status="PASS">
          <params>
            <param index="0">
              <value>
                <![CDATA[Windows]]>
              </value>
            </param>
            <param index="1">
              <value>
                <![CDATA[Chrome]]>
              </value>
            </param>
          </params>
          <reporter-output>
          </reporter-output>
        </test-method> <!-- setup -->
        <test-method signature="test_Login()[pri:0, instance:testCases.TC002_LoginTest@2a265ea9]" started-at="2025-01-10T15:19:15 EST" name="test_Login" finished-at="2025-01-10T15:19:16 EST" duration-ms="1173" status="PASS">
          <reporter-output>
          </reporter-output>
        </test-method> <!-- test_Login -->
        <test-method is-config="true" signature="tearDown()[pri:0, instance:testCases.TC002_LoginTest@2a265ea9]" started-at="2025-01-10T15:19:16 EST" name="tearDown" finished-at="2025-01-10T15:19:16 EST" duration-ms="160" status="PASS">
          <reporter-output>
          </reporter-output>
        </test-method> <!-- tearDown -->
      </class> <!-- testCases.TC002_LoginTest -->
      <class name="testCases.TC001_AccountRegistrationTest">
        <test-method is-config="true" signature="setup(java.lang.String,java.lang.String)[pri:0, instance:testCases.TC001_AccountRegistrationTest@f0c8a99]" started-at="2025-01-10T15:19:05 EST" name="setup" finished-at="2025-01-10T15:19:09 EST" duration-ms="4480" status="PASS">
          <params>
            <param index="0">
              <value>
                <![CDATA[Windows]]>
              </value>
            </param>
            <param index="1">
              <value>
                <![CDATA[Chrome]]>
              </value>
            </param>
          </params>
          <reporter-output>
          </reporter-output>
        </test-method> <!-- setup -->
        <test-method signature="testRegistration()[pri:1, instance:testCases.TC001_AccountRegistrationTest@f0c8a99]" started-at="2025-01-10T15:19:10 EST" name="testRegistration" finished-at="2025-01-10T15:19:11 EST" duration-ms="1691" status="PASS">
          <reporter-output>
          </reporter-output>
        </test-method> <!-- testRegistration -->
        <test-method is-config="true" signature="tearDown()[pri:0, instance:testCases.TC001_AccountRegistrationTest@f0c8a99]" started-at="2025-01-10T15:19:11 EST" name="tearDown" finished-at="2025-01-10T15:19:11 EST" duration-ms="163" status="PASS">
          <reporter-output>
          </reporter-output>
        </test-method> <!-- tearDown -->
      </class> <!-- testCases.TC001_AccountRegistrationTest -->
    </test> <!-- Test -->
  </suite> <!-- Suite -->
</testng-results>
