<?xml version="1.0" encoding="UTF-8"?>
<testng-results ignored="0" total="1" passed="1" failed="0" skipped="0">
  <reporter-output>
  </reporter-output>
  <suite started-at="2024-12-23T13:35:17 EST" name="Suite" finished-at="2024-12-23T13:35:25 EST" duration-ms="8562">
    <groups>
    </groups>
    <test started-at="2024-12-23T13:35:17 EST" name="Test" finished-at="2024-12-23T13:35:25 EST" duration-ms="8562">
      <class name="demo.pom.TestLoginWithPageFactory">
        <test-method is-config="true" signature="setup()[pri:0, instance:demo.pom.TestLoginWithPageFactory@4d154ccd]" started-at="2024-12-23T13:35:17 EST" name="setup" finished-at="2024-12-23T13:35:23 EST" duration-ms="6384" status="PASS">
          <reporter-output>
          </reporter-output>
        </test-method> <!-- setup -->
        <test-method signature="testLogin()[pri:0, instance:demo.pom.TestLoginWithPageFactory@4d154ccd]" started-at="2024-12-23T13:35:23 EST" name="testLogin" finished-at="2024-12-23T13:35:25 EST" duration-ms="1773" status="PASS">
          <reporter-output>
          </reporter-output>
        </test-method> <!-- testLogin -->
        <test-method is-config="true" signature="tearDown()[pri:0, instance:demo.pom.TestLoginWithPageFactory@4d154ccd]" started-at="2024-12-23T13:35:25 EST" name="tearDown" finished-at="2024-12-23T13:35:25 EST" duration-ms="172" status="PASS">
          <reporter-output>
          </reporter-output>
        </test-method> <!-- tearDown -->
      </class> <!-- demo.pom.TestLoginWithPageFactory -->
    </test> <!-- Test -->
  </suite> <!-- Suite -->
</testng-results>
