<?xml version="1.0" encoding="UTF-8"?>
<!-- Generated by org.testng.reporters.JUnitXMLReporter -->
<testsuite ignored="0" hostname="ICS-LT-1TM1DN3" failures="1" tests="1" name="Test" time="66.976" errors="0" timestamp="2025-08-21T12:25:20 EDT">
  <testcase classname="testCases.TC001_AccountRegistrationTest" name="testRegistration" time="10.124">
    <failure type="java.lang.AssertionError" message="null">
      <![CDATA[java.lang.AssertionError: null
at testCases.TC001_AccountRegistrationTest.testRegistration(TC001_AccountRegistrationTest.java:52)
at java.base/java.util.ArrayList.forEach(ArrayList.java:1597)
... Removed 27 stack frames]]>
    </failure>
  </testcase> <!-- testRegistration -->
</testsuite> <!-- Test -->
