<?xml version="1.0" encoding="UTF-8"?>
<!-- Generated by org.testng.reporters.JUnitXMLReporter -->
<testsuite ignored="6" hostname="ICS-LT-1TM1DN3" failures="0" tests="3" name="groupTest" time="0.043" errors="0" timestamp="2024-12-20T15:37:33 EST">
  <testcase classname="demo.testNG.grouping.LoginGroupTest" name="testInstaLogin" time="0.008"/>
  <testcase classname="demo.testNG.grouping.SignUPTest" name="testInstaSignUP" time="0.001"/>
  <testcase classname="demo.testNG.grouping.PaymentTest" name="payWithPound" time="0.001"/>
  <testcase classname="demo.testNG.grouping.LoginGroupTest" name="testFBLogin" time="0.0">
    <ignored/>
  </testcase> <!-- testFBLogin -->
  <testcase classname="demo.testNG.grouping.SignUPTest" name="testGmailSignUP" time="0.0">
    <ignored/>
  </testcase> <!-- testGmailSignUP -->
  <testcase classname="demo.testNG.grouping.LoginGroupTest" name="testGmailLogin" time="0.0">
    <ignored/>
  </testcase> <!-- testGmailLogin -->
  <testcase classname="demo.testNG.grouping.PaymentTest" name="payWithDollar" time="0.0">
    <ignored/>
  </testcase> <!-- payWithDollar -->
  <testcase classname="demo.testNG.grouping.PaymentTest" name="payWithRupees" time="0.0">
    <ignored/>
  </testcase> <!-- payWithRupees -->
  <testcase classname="demo.testNG.grouping.SignUPTest" name="testFBSignUP" time="0.0">
    <ignored/>
  </testcase> <!-- testFBSignUP -->
</testsuite> <!-- groupTest -->
